<?xml version="1.0" encoding="UTF-8"?>
<testsuite xmlns:xsi="http://www.w3.org/2001/XMLSchema-instance" xsi:noNamespaceSchemaLocation="https://maven.apache.org/surefire/maven-surefire-plugin/xsd/surefire-test-report-3.0.xsd" version="3.0" name="com.oasys.banksecurity.BanksecurityApplicationTests" time="3.719" tests="1" errors="0" skipped="0" failures="0">
  <properties>
[...]
</properties>
  <testcase name="contextLoads" classname="com.oasys.banksecurity.BanksecurityApplicationTests" time="0.45">
    <system-out><![CDATA[14:34:38.408 [main] INFO org.springframework.test.context.support.AnnotationConfigContextLoaderUtils -- Could not detect default configuration classes for test class [com.oasys.banksecurity.BanksecurityApplicationTests]: BanksecurityApplicationTests does not declare any static, non-private, non-final, nested classes annotated with @Configuration.
14:34:38.463 [main] INFO org.springframework.boot.test.context.SpringBootTestContextBootstrapper -- Found @SpringBootConfiguration com.oasys.banksecurity.BanksecurityApplication for test class com.oasys.banksecurity.BanksecurityApplicationTests
14:34:38.558 [main] INFO org.springframework.boot.devtools.restart.RestartApplicationListener -- Restart disabled due to context in which it is running

  .   ____          _            __ _ _
 /\\ / ___'_ __ _ _(_)_ __  __ _ \ \ \ \
( ( )\___ | '_ | '_| | '_ \/ _` | \ \ \ \
 \\/  ___)| |_)| | | | | || (_| |  ) ) ) )
  '  |____| .__|_| |_|_| |_\__, | / / / /
 =========|_|==============|___/=/_/_/_/
 :: Spring Boot ::                (v3.1.5)

2023-12-22T14:34:38.717+05:30  INFO 10082 --- [           main] c.o.b.BanksecurityApplicationTests       : Starting BanksecurityApplicationTests using Java 17.0.8.1 with PID 10082 (started by test in /home/test/Documents/sts tasks/banksecurity)
2023-12-22T14:34:38.718+05:30  INFO 10082 --- [           main] c.o.b.BanksecurityApplicationTests       : No active profile set, falling back to 1 default profile: "default"
2023-12-22T14:34:39.185+05:30  INFO 10082 --- [           main] .s.d.r.c.RepositoryConfigurationDelegate : Bootstrapping Spring Data JPA repositories in DEFAULT mode.
2023-12-22T14:34:39.245+05:30  INFO 10082 --- [           main] .s.d.r.c.RepositoryConfigurationDelegate : Finished Spring Data repository scanning in 51 ms. Found 2 JPA repository interfaces.
2023-12-22T14:34:39.615+05:30  INFO 10082 --- [           main] o.hibernate.jpa.internal.util.LogHelper  : HHH000204: Processing PersistenceUnitInfo [name: default]
2023-12-22T14:34:39.648+05:30  INFO 10082 --- [           main] org.hibernate.Version                    : HHH000412: Hibernate ORM core version 6.2.13.Final
2023-12-22T14:34:39.650+05:30  INFO 10082 --- [           main] org.hibernate.cfg.Environment            : HHH000406: Using bytecode reflection optimizer
2023-12-22T14:34:39.822+05:30  INFO 10082 --- [           main] o.s.o.j.p.SpringPersistenceUnitInfo      : No LoadTimeWeaver setup: ignoring JPA class transformer
2023-12-22T14:34:39.838+05:30  INFO 10082 --- [           main] com.zaxxer.hikari.HikariDataSource       : HikariPool-1 - Starting...
2023-12-22T14:34:40.085+05:30  INFO 10082 --- [           main] com.zaxxer.hikari.pool.HikariPool        : HikariPool-1 - Added connection com.mysql.cj.jdbc.ConnectionImpl@71fb8301
2023-12-22T14:34:40.088+05:30  INFO 10082 --- [           main] com.zaxxer.hikari.HikariDataSource       : HikariPool-1 - Start completed.
2023-12-22T14:34:40.652+05:30  INFO 10082 --- [           main] o.h.e.t.j.p.i.JtaPlatformInitiator       : HHH000489: No JTA platform available (set 'hibernate.transaction.jta.platform' to enable JTA platform integration)
2023-12-22T14:34:40.681+05:30  INFO 10082 --- [           main] j.LocalContainerEntityManagerFactoryBean : Initialized JPA EntityManagerFactory for persistence unit 'default'
2023-12-22T14:34:40.966+05:30  WARN 10082 --- [           main] JpaBaseConfiguration$JpaWebConfiguration : spring.jpa.open-in-view is enabled by default. Therefore, database queries may be performed during view rendering. Explicitly configure spring.jpa.open-in-view to disable this warning
2023-12-22T14:34:41.057+05:30  INFO 10082 --- [           main] o.s.s.web.DefaultSecurityFilterChain     : Will secure any request with [org.springframework.security.web.session.DisableEncodeUrlFilter@1da61a29, org.springframework.security.web.context.request.async.WebAsyncManagerIntegrationFilter@47cf922d, org.springframework.security.web.context.SecurityContextHolderFilter@ebbbe20, org.springframework.security.web.header.HeaderWriterFilter@308d4981, org.springframework.security.web.authentication.logout.LogoutFilter@1016b44e, com.oasys.banksecurity.security.JwtFilter@71689ee2, org.springframework.security.web.savedrequest.RequestCacheAwareFilter@4cb59398, org.springframework.security.web.servletapi.SecurityContextHolderAwareRequestFilter@7156f8cf, org.springframework.security.web.authentication.AnonymousAuthenticationFilter@6b64921f, org.springframework.security.web.session.SessionManagementFilter@423d662a, org.springframework.security.web.access.ExceptionTranslationFilter@3f465ae, org.springframework.security.web.access.intercept.AuthorizationFilter@41736818]
2023-12-22T14:34:41.560+05:30  INFO 10082 --- [           main] c.o.b.BanksecurityApplicationTests       : Started BanksecurityApplicationTests in 3.009 seconds (process running for 3.608)
]]></system-out>
  </testcase>
</testsuite>